<?xml version="1.0" encoding="UTF-8"?>
<!-- Generated by org.testng.reporters.JUnitXMLReporter -->
<testsuite ignored="0" hostname="RUTISHQQ096" failures="0" tests="7" name="Default test" time="53.904" errors="0" timestamp="2021-09-22T22:01:52 IST">
  <testcase classname="Trello.PostAssessment.TrelloBoard" name="login" time="12.139"/>
  <testcase classname="Trello.PostAssessment.TrelloBoard" name="board" time="18.541"/>
  <testcase classname="Trello.PostAssessment.TrelloBoard" name="toDo" time="3.918"/>
  <testcase classname="Trello.PostAssessment.TrelloBoard" name="doing" time="1.37"/>
  <testcase classname="Trello.PostAssessment.TrelloBoard" name="done" time="5.653"/>
  <testcase classname="Trello.PostAssessment.TrelloBoard" name="deleteBoard" time="0.659"/>
  <testcase classname="Trello.PostAssessment.TrelloBoard" name="logout" time="2.495"/>
</testsuite> <!-- Default test -->
